10-Sep-2018 14:14:43.801 信息 [main] org.apache.catalina.startup.VersionLoggerListener.log Server version:        Apache Tomcat/8.5.33
10-Sep-2018 14:14:43.857 信息 [main] org.apache.catalina.startup.VersionLoggerListener.log Server built:          Aug 12 2018 08:20:08 UTC
10-Sep-2018 14:14:43.859 信息 [main] org.apache.catalina.startup.VersionLoggerListener.log Server number:         8.5.33.0
10-Sep-2018 14:14:43.859 信息 [main] org.apache.catalina.startup.VersionLoggerListener.log OS Name:               Windows 10
10-Sep-2018 14:14:43.860 信息 [main] org.apache.catalina.startup.VersionLoggerListener.log OS Version:            10.0
10-Sep-2018 14:14:43.860 信息 [main] org.apache.catalina.startup.VersionLoggerListener.log Architecture:          amd64
10-Sep-2018 14:14:43.860 信息 [main] org.apache.catalina.startup.VersionLoggerListener.log Java Home:             D:\Program Files\Java\jdk1.8.0_131\jre
10-Sep-2018 14:14:43.860 信息 [main] org.apache.catalina.startup.VersionLoggerListener.log JVM Version:           1.8.0_131-b11
10-Sep-2018 14:14:43.861 信息 [main] org.apache.catalina.startup.VersionLoggerListener.log JVM Vendor:            Oracle Corporation
10-Sep-2018 14:14:43.861 信息 [main] org.apache.catalina.startup.VersionLoggerListener.log CATALINA_BASE:         C:\Users\陈峰\Desktop\jar\apache-tomcat-8.5.33
10-Sep-2018 14:14:43.861 信息 [main] org.apache.catalina.startup.VersionLoggerListener.log CATALINA_HOME:         C:\Users\陈峰\Desktop\jar\apache-tomcat-8.5.33
10-Sep-2018 14:14:43.861 信息 [main] org.apache.catalina.startup.VersionLoggerListener.log Command line argument: -Djava.util.logging.config.file=C:\Users\陈峰\Desktop\jar\apache-tomcat-8.5.33\conf\logging.properties
10-Sep-2018 14:14:43.862 信息 [main] org.apache.catalina.startup.VersionLoggerListener.log Command line argument: -Djava.util.logging.manager=org.apache.juli.ClassLoaderLogManager
10-Sep-2018 14:14:43.862 信息 [main] org.apache.catalina.startup.VersionLoggerListener.log Command line argument: -Djdk.tls.ephemeralDHKeySize=2048
10-Sep-2018 14:14:43.862 信息 [main] org.apache.catalina.startup.VersionLoggerListener.log Command line argument: -Djava.protocol.handler.pkgs=org.apache.catalina.webresources
10-Sep-2018 14:14:43.863 信息 [main] org.apache.catalina.startup.VersionLoggerListener.log Command line argument: -Dignore.endorsed.dirs=
10-Sep-2018 14:14:43.863 信息 [main] org.apache.catalina.startup.VersionLoggerListener.log Command line argument: -Dcatalina.base=C:\Users\陈峰\Desktop\jar\apache-tomcat-8.5.33
10-Sep-2018 14:14:43.865 信息 [main] org.apache.catalina.startup.VersionLoggerListener.log Command line argument: -Dcatalina.home=C:\Users\陈峰\Desktop\jar\apache-tomcat-8.5.33
10-Sep-2018 14:14:43.866 信息 [main] org.apache.catalina.startup.VersionLoggerListener.log Command line argument: -Djava.io.tmpdir=C:\Users\陈峰\Desktop\jar\apache-tomcat-8.5.33\temp
10-Sep-2018 14:14:43.866 信息 [main] org.apache.catalina.core.AprLifecycleListener.lifecycleEvent Loaded APR based Apache Tomcat Native library [1.2.17] using APR version [1.6.3].
10-Sep-2018 14:14:43.867 信息 [main] org.apache.catalina.core.AprLifecycleListener.lifecycleEvent APR capabilities: IPv6 [true], sendfile [true], accept filters [false], random [true].
10-Sep-2018 14:14:43.873 信息 [main] org.apache.catalina.core.AprLifecycleListener.lifecycleEvent APR/OpenSSL configuration: useAprConnector [false], useOpenSSL [true]
10-Sep-2018 14:14:44.529 信息 [main] org.apache.catalina.core.AprLifecycleListener.initializeSSL OpenSSL successfully initialized [OpenSSL 1.0.2o  27 Mar 2018]
10-Sep-2018 14:14:45.066 信息 [main] org.apache.coyote.AbstractProtocol.init Initializing ProtocolHandler ["http-nio-8080"]
10-Sep-2018 14:14:45.605 信息 [main] org.apache.tomcat.util.net.NioSelectorPool.getSharedSelector Using a shared selector for servlet write/read
10-Sep-2018 14:14:45.633 信息 [main] org.apache.coyote.AbstractProtocol.init Initializing ProtocolHandler ["ajp-nio-8009"]
10-Sep-2018 14:14:45.637 信息 [main] org.apache.tomcat.util.net.NioSelectorPool.getSharedSelector Using a shared selector for servlet write/read
10-Sep-2018 14:14:45.638 信息 [main] org.apache.catalina.startup.Catalina.load Initialization processed in 2609 ms
10-Sep-2018 14:14:45.687 信息 [main] org.apache.catalina.core.StandardService.startInternal Starting service [Catalina]
10-Sep-2018 14:14:45.688 信息 [main] org.apache.catalina.core.StandardEngine.startInternal Starting Servlet Engine: Apache Tomcat/8.5.33
10-Sep-2018 14:14:45.717 信息 [localhost-startStop-1] org.apache.catalina.startup.HostConfig.deployDirectory Deploying web application directory [C:\Users\陈峰\Desktop\jar\apache-tomcat-8.5.33\webapps\docs]
10-Sep-2018 14:14:46.194 信息 [localhost-startStop-1] org.apache.catalina.startup.HostConfig.deployDirectory Deployment of web application directory [C:\Users\陈峰\Desktop\jar\apache-tomcat-8.5.33\webapps\docs] has finished in [468] ms
10-Sep-2018 14:14:46.194 信息 [localhost-startStop-1] org.apache.catalina.startup.HostConfig.deployDirectory Deploying web application directory [C:\Users\陈峰\Desktop\jar\apache-tomcat-8.5.33\webapps\examples]
10-Sep-2018 14:14:47.185 信息 [localhost-startStop-1] org.apache.catalina.startup.HostConfig.deployDirectory Deployment of web application directory [C:\Users\陈峰\Desktop\jar\apache-tomcat-8.5.33\webapps\examples] has finished in [991] ms
10-Sep-2018 14:14:47.185 信息 [localhost-startStop-1] org.apache.catalina.startup.HostConfig.deployDirectory Deploying web application directory [C:\Users\陈峰\Desktop\jar\apache-tomcat-8.5.33\webapps\host-manager]
10-Sep-2018 14:14:47.245 信息 [localhost-startStop-1] org.apache.catalina.startup.HostConfig.deployDirectory Deployment of web application directory [C:\Users\陈峰\Desktop\jar\apache-tomcat-8.5.33\webapps\host-manager] has finished in [60] ms
10-Sep-2018 14:14:47.246 信息 [localhost-startStop-1] org.apache.catalina.startup.HostConfig.deployDirectory Deploying web application directory [C:\Users\陈峰\Desktop\jar\apache-tomcat-8.5.33\webapps\manager]
10-Sep-2018 14:14:47.311 信息 [localhost-startStop-1] org.apache.catalina.startup.HostConfig.deployDirectory Deployment of web application directory [C:\Users\陈峰\Desktop\jar\apache-tomcat-8.5.33\webapps\manager] has finished in [65] ms
10-Sep-2018 14:14:47.312 信息 [localhost-startStop-1] org.apache.catalina.startup.HostConfig.deployDirectory Deploying web application directory [C:\Users\陈峰\Desktop\jar\apache-tomcat-8.5.33\webapps\ROOT]
10-Sep-2018 14:14:47.360 信息 [localhost-startStop-1] org.apache.catalina.startup.HostConfig.deployDirectory Deployment of web application directory [C:\Users\陈峰\Desktop\jar\apache-tomcat-8.5.33\webapps\ROOT] has finished in [48] ms
10-Sep-2018 14:14:47.366 信息 [main] org.apache.coyote.AbstractProtocol.start Starting ProtocolHandler ["http-nio-8080"]
10-Sep-2018 14:14:47.378 信息 [main] org.apache.coyote.AbstractProtocol.start Starting ProtocolHandler ["ajp-nio-8009"]
10-Sep-2018 14:14:47.382 信息 [main] org.apache.catalina.startup.Catalina.start Server startup in 1742 ms
10-Sep-2018 14:17:40.027 信息 [Thread-5] org.apache.coyote.AbstractProtocol.pause Pausing ProtocolHandler ["http-nio-8080"]
10-Sep-2018 14:17:40.307 信息 [Thread-5] org.apache.coyote.AbstractProtocol.pause Pausing ProtocolHandler ["ajp-nio-8009"]
10-Sep-2018 14:17:40.562 信息 [Thread-5] org.apache.catalina.core.StandardService.stopInternal Stopping service [Catalina]
10-Sep-2018 14:17:40.667 信息 [Thread-5] org.apache.coyote.AbstractProtocol.stop Stopping ProtocolHandler ["http-nio-8080"]
10-Sep-2018 14:17:40.673 信息 [Thread-5] org.apache.coyote.AbstractProtocol.stop Stopping ProtocolHandler ["ajp-nio-8009"]
10-Sep-2018 14:17:40.693 信息 [Thread-5] org.apache.coyote.AbstractProtocol.destroy Destroying ProtocolHandler ["http-nio-8080"]
10-Sep-2018 14:17:40.694 信息 [Thread-5] org.apache.coyote.AbstractProtocol.destroy Destroying ProtocolHandler ["ajp-nio-8009"]
